<?xml version="1.0" encoding="UTF-8"?>
<testng-results skipped="0" failed="0" total="2" passed="2">
  <reporter-output>
  </reporter-output>
  <suite name="Default suite" duration-ms="78594" started-at="2020-05-15T17:43:48Z" finished-at="2020-05-15T17:45:06Z">
    <groups>
    </groups>
    <test name="Default test" duration-ms="78594" started-at="2020-05-15T17:43:48Z" finished-at="2020-05-15T17:45:06Z">
      <class name="Academy.HomePage">
        <test-method status="PASS" signature="initialize()[pri:0, instance:Academy.HomePage@77167fb7]" name="initialize" is-config="true" duration-ms="6586" started-at="2020-05-15T23:13:48Z" finished-at="2020-05-15T23:13:54Z">
          <reporter-output>
          </reporter-output>
        </test-method> <!-- initialize -->
        <test-method status="PASS" signature="basePageNavigation(java.lang.String, java.lang.String, java.lang.String)[pri:0, instance:Academy.HomePage@77167fb7]" name="basePageNavigation" duration-ms="48937" started-at="2020-05-15T23:13:54Z" data-provider="getData" finished-at="2020-05-15T23:14:43Z">
          <params>
            <param index="0">
              <value>
                <![CDATA[nonrestricteduser@qw.com]]>
              </value>
            </param>
            <param index="1">
              <value>
                <![CDATA[123456]]>
              </value>
            </param>
            <param index="2">
              <value>
                <![CDATA[Restrcited User]]>
              </value>
            </param>
          </params>
          <reporter-output>
          </reporter-output>
        </test-method> <!-- basePageNavigation -->
        <test-method status="PASS" signature="basePageNavigation(java.lang.String, java.lang.String, java.lang.String)[pri:0, instance:Academy.HomePage@77167fb7]" name="basePageNavigation" duration-ms="22700" started-at="2020-05-15T23:14:43Z" data-provider="getData" finished-at="2020-05-15T23:15:06Z">
          <params>
            <param index="0">
              <value>
                <![CDATA[restricteduser@qw.com]]>
              </value>
            </param>
            <param index="1">
              <value>
                <![CDATA[456788]]>
              </value>
            </param>
            <param index="2">
              <value>
                <![CDATA[Non restricted user]]>
              </value>
            </param>
          </params>
          <reporter-output>
          </reporter-output>
        </test-method> <!-- basePageNavigation -->
        <test-method status="PASS" signature="teardown()[pri:0, instance:Academy.HomePage@77167fb7]" name="teardown" is-config="true" duration-ms="308" started-at="2020-05-15T23:15:06Z" finished-at="2020-05-15T23:15:06Z">
          <reporter-output>
          </reporter-output>
        </test-method> <!-- teardown -->
      </class> <!-- Academy.HomePage -->
    </test> <!-- Default test -->
  </suite> <!-- Default suite -->
</testng-results>
